\BOOKMARK [1][-]{section.1}{Course Description}{}% 1
\BOOKMARK [2][-]{subsection.1.1}{Course Modality}{section.1}% 2
\BOOKMARK [2][-]{subsection.1.2}{Enrollment Requirements}{section.1}% 3
\BOOKMARK [1][-]{section.2}{Student Learning Outcomes}{}% 4
\BOOKMARK [1][-]{section.3}{Course Materials}{}% 5
\BOOKMARK [2][-]{subsection.3.1}{Textbook}{section.3}% 6
\BOOKMARK [3][-]{subsubsection.3.1.1}{FirstDay\222}{subsection.3.1}% 7
\BOOKMARK [1][-]{section.4}{Course Structure}{}% 8
\BOOKMARK [1][-]{section.5}{Assessment and Grading Procedure}{}% 9
\BOOKMARK [2][-]{subsection.5.1}{Proof of Enrollment Assignment \(0.5\045\)}{section.5}% 10
\BOOKMARK [2][-]{subsection.5.2}{Application Based Activity \(2.5\045\)}{section.5}% 11
\BOOKMARK [2][-]{subsection.5.3}{LearnSmart Assignments \(2.5\045\)}{section.5}% 12
\BOOKMARK [2][-]{subsection.5.4}{Homework \(7\045\)}{section.5}% 13
\BOOKMARK [2][-]{subsection.5.5}{In-Class Assignments \(12.5\045\)}{section.5}% 14
\BOOKMARK [2][-]{subsection.5.6}{Two Midterm Exams \(24\045 Each\)}{section.5}% 15
\BOOKMARK [2][-]{subsection.5.7}{Final Exam \(27\045\)}{section.5}% 16
\BOOKMARK [2][-]{subsection.5.8}{Grading Scale}{section.5}% 17
\BOOKMARK [3][-]{subsubsection.5.8.1}{Reporting}{subsection.5.8}% 18
\BOOKMARK [1][-]{section.6}{Course Help}{}% 19
\BOOKMARK [2][-]{subsection.6.1}{In-Person Office Hours}{section.6}% 20
\BOOKMARK [3][-]{subsubsection.6.1.1}{Instructor Office Hours}{subsection.6.1}% 21
\BOOKMARK [3][-]{subsubsection.6.1.2}{Teaching Assistants Office Hours}{subsection.6.1}% 22
\BOOKMARK [2][-]{subsection.6.2}{Online Assistance}{section.6}% 23
\BOOKMARK [3][-]{subsubsection.6.2.1}{Virtual Office Hours}{subsection.6.2}% 24
\BOOKMARK [3][-]{subsubsection.6.2.2}{Discussions}{subsection.6.2}% 25
\BOOKMARK [3][-]{subsubsection.6.2.3}{Webcourses Email}{subsection.6.2}% 26
\BOOKMARK [3][-]{subsubsection.6.2.4}{Online Resources Support}{subsection.6.2}% 27
\BOOKMARK [3][-]{subsubsection.6.2.5}{External Social Media Groups}{subsection.6.2}% 28
\BOOKMARK [1][-]{section.7}{Policy Statements}{}% 29
\BOOKMARK [2][-]{subsection.7.1}{Academic Integrity}{section.7}% 30
\BOOKMARK [2][-]{subsection.7.2}{Active Duty Military}{section.7}% 31
\BOOKMARK [2][-]{subsection.7.3}{Attendance/Late Policies}{section.7}% 32
\BOOKMARK [3][-]{subsubsection.7.3.1}{UCF Here}{subsection.7.3}% 33
\BOOKMARK [2][-]{subsection.7.4}{Emergency Procedure and Campus Safety}{section.7}% 34
\BOOKMARK [2][-]{subsection.7.5}{Extra Credit}{section.7}% 35
\BOOKMARK [2][-]{subsection.7.6}{Make-up Exams and Assignments}{section.7}% 36
\BOOKMARK [2][-]{subsection.7.7}{Revisions to the Syllabus}{section.7}% 37
\BOOKMARK [2][-]{subsection.7.8}{Student Academic Activity Policy}{section.7}% 38
\BOOKMARK [2][-]{subsection.7.9}{Student Accessibility Services}{section.7}% 39
